<?xml version="1.0" encoding="UTF-8"?>
<!-- Generated by org.testng.reporters.JUnitReportReporter -->
<testsuite skipped="0" hostname="RACHANA-PC" name="com.amazon.dropdownTest.SearchAProduct" tests="1" failures="0" timestamp="19 Oct 2018 20:15:39 GMT" time="47.409" errors="0">
  <testcase name="searchAndAddToCartTest" time="47.409" classname="com.amazon.dropdownTest.SearchAProduct"/>
</testsuite> <!-- com.amazon.dropdownTest.SearchAProduct -->
