<?xml version="1.0" encoding="UTF-8"?>
<!-- Generated by org.testng.reporters.JUnitReportReporter -->
<testsuite skipped="0" hostname="RACHANA-PC" name="com.amazon.dropdownTest.LoginToAmazon" tests="2" failures="0" timestamp="19 Oct 2018 04:50:46 GMT" time="49.471" errors="0">
  <testcase name="loginPageTest" time="18.748" classname="com.amazon.dropdownTest.LoginToAmazon"/>
  <testcase name="loginAmazonDetailsTest" time="30.723" classname="com.amazon.dropdownTest.LoginToAmazon"/>
</testsuite> <!-- com.amazon.dropdownTest.LoginToAmazon -->
