<?xml version="1.0" encoding="UTF-8"?>
<!-- Generated by org.testng.reporters.JUnitReportReporter -->
<testsuite skipped="0" hostname="RACHANA-PC" name="com.amazon.dropdownTest.Practice" tests="1" failures="0" timestamp="20 Oct 2018 11:10:00 GMT" time="5.287" errors="0">
  <testcase name="verifyAaMobileComputersSubCategoryTest" time="5.287" classname="com.amazon.dropdownTest.Practice"/>
</testsuite> <!-- com.amazon.dropdownTest.Practice -->
