<?xml version="1.0" encoding="UTF-8"?>
<!-- Generated by org.testng.reporters.JUnitReportReporter -->
<testsuite skipped="0" hostname="RACHANA-PC" name="com.amazon.dropdownTest.AmazonPrimeMemeber" tests="1" failures="0" timestamp="20 Oct 2018 16:53:09 GMT" time="32.014" errors="0">
  <testcase name="verifyPrimeMemeberTest" time="32.014" classname="com.amazon.dropdownTest.AmazonPrimeMemeber"/>
</testsuite> <!-- com.amazon.dropdownTest.AmazonPrimeMemeber -->
