<?xml version="1.0" encoding="UTF-8"?>
<!-- Generated by org.testng.reporters.JUnitReportReporter -->
<testsuite skipped="0" hostname="RACHANA-PC" name="com.amazon.dropdownTest.RegisterAddress" tests="1" failures="0" timestamp="19 Oct 2018 13:59:37 GMT" time="27.257" errors="0">
  <testcase name="addressRegisterTest" time="27.257" classname="com.amazon.dropdownTest.RegisterAddress"/>
</testsuite> <!-- com.amazon.dropdownTest.RegisterAddress -->
