<?xml version="1.0" encoding="UTF-8"?>
<!-- Generated by org.testng.reporters.JUnitReportReporter -->
<testsuite skipped="0" hostname="RACHANA-PC" name="com.amazon.dropdownTest.IrrelevantDataEntry" tests="1" failures="0" timestamp="18 Oct 2018 10:38:46 GMT" time="10.905" errors="0">
  <testcase name="irrelevantDataTest" time="10.905" classname="com.amazon.dropdownTest.IrrelevantDataEntry"/>
</testsuite> <!-- com.amazon.dropdownTest.IrrelevantDataEntry -->
