<?xml version="1.0" encoding="UTF-8"?>
<!-- Generated by org.testng.reporters.JUnitReportReporter -->
<testsuite skipped="0" hostname="RACHANA-PC" name="com.amazon.dropdownTest.HandlingNewTab" tests="1" failures="0" timestamp="19 Oct 2018 19:02:00 GMT" time="42.178" errors="0">
  <testcase name="handleNewTab" time="42.178" classname="com.amazon.dropdownTest.HandlingNewTab"/>
</testsuite> <!-- com.amazon.dropdownTest.HandlingNewTab -->
